<?xml version="1.0" encoding="UTF-8"?>
<!-- Generated by org.testng.reporters.JUnitReportReporter -->
<testsuite hostname="Confiz-4844" failures="0" tests="1" name="MicroAccountingAutomation.Test.updateSettingsTestCase" time="1.660" errors="0" timestamp="21 Apr 2021 12:33:07 GMT" skipped="0">
  <testcase classname="MicroAccountingAutomation.Test.updateSettingsTestCase" name="updateUserNameOnSettingsPage" time="1.660"/>
</testsuite> <!-- MicroAccountingAutomation.Test.updateSettingsTestCase -->
