<?xml version="1.0" encoding="UTF-8"?>
<!-- Generated by org.testng.reporters.JUnitReportReporter -->
<testsuite hostname="Confiz-4844" failures="0" tests="1" name="MicroAccountingAutomation.Test.ListAllCsvsTestCase" time="1.322" errors="0" timestamp="21 Apr 2021 12:33:07 GMT" skipped="0">
  <testcase classname="MicroAccountingAutomation.Test.ListAllCsvsTestCase" name="ViewCsvs" time="1.322"/>
</testsuite> <!-- MicroAccountingAutomation.Test.ListAllCsvsTestCase -->
