<?xml version="1.0" encoding="UTF-8"?>
<!-- Generated by org.testng.reporters.JUnitReportReporter -->
<testsuite hostname="Confiz-4844" failures="0" tests="1" name="MicroAccountingAutomation.Test.SearchCsvsTestCase" time="3.349" errors="0" timestamp="21 Apr 2021 12:33:07 GMT" skipped="0">
  <testcase classname="MicroAccountingAutomation.Test.SearchCsvsTestCase" name="ViewCsvs" time="3.349"/>
</testsuite> <!-- MicroAccountingAutomation.Test.SearchCsvsTestCase -->
