<?xml version="1.0" encoding="UTF-8"?>
<!-- Generated by org.testng.reporters.JUnitReportReporter -->
<testsuite hostname="Confiz-4844" failures="0" tests="2" name="MicroAccountingAutomation.Test.LoginTestCases" time="1.114" errors="0" timestamp="21 Apr 2021 12:33:07 GMT" skipped="0">
  <testcase classname="MicroAccountingAutomation.Test.LoginTestCases" name="successfullUserLogin" time="0.345"/>
  <testcase classname="MicroAccountingAutomation.Test.LoginTestCases" name="successfullUserLogout" time="0.769"/>
</testsuite> <!-- MicroAccountingAutomation.Test.LoginTestCases -->
